19604 execve("/var/www/apps/akrotoski/bin/thoth", ["/var/www/apps/akrotoski/bin/thot"..., "--run_command", "ExternalPost.import"], ["OLDPWD=/home/deploy", "HOME=/home/deploy", "LOGNAME=deploy", "PATH=/usr/bin:/bin", "SHELL=/bin/sh", "PWD=/var/www/apps/akrotoski"]) = 0
19604 brk(0)                            = 0x9d9000
19604 access("/etc/ld.so.nohwcap", F_OK) = 0
19604 mmap(NULL, 8192, PROT_READ|PROT_WRITE, MAP_PRIVATE|MAP_ANONYMOUS, -1, 0) = 0x7f95b6eb7000
19604 access("/etc/ld.so.preload", R_OK) = -1 ENOENT (No such file or directory)
19604 open("/etc/ld.so.cache", O_RDONLY) = 3
19604 fstat(3, {st_dev=makedev(202, 1), st_ino=20595, st_mode=S_IFREG|0644, st_nlink=1, st_uid=0, st_gid=0, st_blksize=4096, st_blocks=32, st_size=16299, st_atime=2011/05/26-22:49:54, st_mtime=2011/05/26-22:49:54, st_ctime=2011/05/26-22:49:54}) = 0
19604 mmap(NULL, 16299, PROT_READ, MAP_PRIVATE, 3, 0) = 0x7f95b6eb3000
19604 close(3)                          = 0
19604 access("/etc/ld.so.nohwcap", F_OK) = 0
19604 open("/lib/libc.so.6", O_RDONLY)  = 3
19604 read(3, "\177ELF\2\1\1\0\0\0\0\0\0\0\0\0\3\0>\0\1\0\0\0`\355\1\0\0\0\0\0"..., 832) = 832
19604 fstat(3, {st_dev=makedev(202, 1), st_ino=99115, st_mode=S_IFREG|0755, st_nlink=1, st_uid=0, st_gid=0, st_blksize=4096, st_blocks=3072, st_size=1568136, st_atime=2011/02/03-18:09:40, st_mtime=2010/04/22-15:48:12, st_ctime=2011/02/03-18:09:45}) = 0
19604 mmap(NULL, 3676200, PROT_READ|PROT_EXEC, MAP_PRIVATE|MAP_DENYWRITE, 3, 0) = 0x7f95b6918000
19604 mprotect(0x7f95b6a90000, 2097152, PROT_NONE) = 0
19604 mmap(0x7f95b6c90000, 20480, PROT_READ|PROT_WRITE, MAP_PRIVATE|MAP_FIXED|MAP_DENYWRITE, 3, 0x178000) = 0x7f95b6c90000
19604 mmap(0x7f95b6c95000, 18472, PROT_READ|PROT_WRITE, MAP_PRIVATE|MAP_FIXED|MAP_ANONYMOUS, -1, 0) = 0x7f95b6c95000
19604 close(3)                          = 0
19604 mmap(NULL, 4096, PROT_READ|PROT_WRITE, MAP_PRIVATE|MAP_ANONYMOUS, -1, 0) = 0x7f95b6eb2000
19604 mmap(NULL, 4096, PROT_READ|PROT_WRITE, MAP_PRIVATE|MAP_ANONYMOUS, -1, 0) = 0x7f95b6eb1000
19604 mmap(NULL, 4096, PROT_READ|PROT_WRITE, MAP_PRIVATE|MAP_ANONYMOUS, -1, 0) = 0x7f95b6eb0000
19604 arch_prctl(ARCH_SET_FS, 0x7f95b6eb1700) = 0
19604 mprotect(0x7f95b6c90000, 16384, PROT_READ) = 0
19604 mprotect(0x607000, 4096, PROT_READ) = 0
19604 mprotect(0x7f95b6eb9000, 4096, PROT_READ) = 0
19604 munmap(0x7f95b6eb3000, 16299)     = 0
19604 brk(0)                            = 0x9d9000
19604 brk(0x9fa000)                     = 0x9fa000
19604 execve("/usr/bin/ruby", ["ruby", "/var/www/apps/akrotoski/bin/thot"..., "--run_command", "ExternalPost.import"], ["OLDPWD=/home/deploy", "HOME=/home/deploy", "LOGNAME=deploy", "PATH=/usr/bin:/bin", "SHELL=/bin/sh", "PWD=/var/www/apps/akrotoski"]) = 0
19604 brk(0)                            = 0x1e8a000
19604 access("/etc/ld.so.nohwcap", F_OK) = 0
19604 mmap(NULL, 8192, PROT_READ|PROT_WRITE, MAP_PRIVATE|MAP_ANONYMOUS, -1, 0) = 0x7fce8c80b000
19604 access("/etc/ld.so.preload", R_OK) = -1 ENOENT (No such file or directory)
19604 open("/etc/ld.so.cache", O_RDONLY) = 3
19604 fstat(3, {st_dev=makedev(202, 1), st_ino=20595, st_mode=S_IFREG|0644, st_nlink=1, st_uid=0, st_gid=0, st_blksize=4096, st_blocks=32, st_size=16299, st_atime=2011/05/26-22:49:54, st_mtime=2011/05/26-22:49:54, st_ctime=2011/05/26-22:49:54}) = 0
19604 mmap(NULL, 16299, PROT_READ, MAP_PRIVATE, 3, 0) = 0x7fce8c807000
19604 close(3)                          = 0
19604 access("/etc/ld.so.nohwcap", F_OK) = 0
19604 open("/usr/lib/libruby1.8.so.1.8", O_RDONLY) = 3
19604 read(3, "\177ELF\2\1\1\0\0\0\0\0\0\0\0\0\3\0>\0\1\0\0\0000\250\1\0\0\0\0\0"..., 832) = 832
19604 fstat(3, {st_dev=makedev(202, 1), st_ino=20582, st_mode=S_IFREG|0644, st_nlink=1, st_uid=0, st_gid=0, st_blksize=4096, st_blocks=1848, st_size=940736, st_atime=2011/05/26-20:41:06, st_mtime=2010/03/19-17:52:12, st_ctime=2011/05/26-20:41:11}) = 0
19604 mmap(NULL, 3160128, PROT_READ|PROT_EXEC, MAP_PRIVATE|MAP_DENYWRITE, 3, 0) = 0x7fce8c2ea000
19604 mprotect(0x7fce8c3cb000, 2097152, PROT_NONE) = 0
19604 mmap(0x7fce8c5cb000, 20480, PROT_READ|PROT_WRITE, MAP_PRIVATE|MAP_FIXED|MAP_DENYWRITE, 3, 0xe1000) = 0x7fce8c5cb000
19604 mmap(0x7fce8c5d0000, 120896, PROT_READ|PROT_WRITE, MAP_PRIVATE|MAP_FIXED|MAP_ANONYMOUS, -1, 0) = 0x7fce8c5d0000
19604 close(3)                          = 0
19604 access("/etc/ld.so.nohwcap", F_OK) = 0
19604 open("/lib/libpthread.so.0", O_RDONLY) = 3
19604 read(3, "\177ELF\2\1\1\0\0\0\0\0\0\0\0\0\3\0>\0\1\0\0\0\360Y\0\0\0\0\0\0"..., 832) = 832
19604 fstat(3, {st_dev=makedev(202, 1), st_ino=98742, st_mode=S_IFREG|0755, st_nlink=1, st_uid=0, st_gid=0, st_blksize=4096, st_blocks=280, st_size=135745, st_atime=2011/02/03-18:09:40, st_mtime=2010/04/22-15:48:17, st_ctime=2011/02/03-18:09:45}) = 0
19604 mmap(NULL, 2212736, PROT_READ|PROT_EXEC, MAP_PRIVATE|MAP_DENYWRITE, 3, 0) = 0x7fce8c0cd000
19604 mprotect(0x7fce8c0e5000, 2093056, PROT_NONE) = 0
19604 mmap(0x7fce8c2e4000, 8192, PROT_READ|PROT_WRITE, MAP_PRIVATE|MAP_FIXED|MAP_DENYWRITE, 3, 0x17000) = 0x7fce8c2e4000
19604 mmap(0x7fce8c2e6000, 13184, PROT_READ|PROT_WRITE, MAP_PRIVATE|MAP_FIXED|MAP_ANONYMOUS, -1, 0) = 0x7fce8c2e6000
19604 close(3)                          = 0
19604 access("/etc/ld.so.nohwcap", F_OK) = 0
19604 open("/lib/librt.so.1", O_RDONLY) = 3
19604 read(3, "\177ELF\2\1\1\0\0\0\0\0\0\0\0\0\3\0>\0\1\0\0\0\220!\0\0\0\0\0\0"..., 832) = 832
19604 fstat(3, {st_dev=makedev(202, 1), st_ino=99101, st_mode=S_IFREG|0644, st_nlink=1, st_uid=0, st_gid=0, st_blksize=4096, st_blocks=64, st_size=31744, st_atime=2011/02/03-18:09:40, st_mtime=2010/04/22-15:48:12, st_ctime=2011/02/03-18:09:45}) = 0
19604 mmap(NULL, 4096, PROT_READ|PROT_WRITE, MAP_PRIVATE|MAP_ANONYMOUS, -1, 0) = 0x7fce8c806000
19604 mmap(NULL, 2128848, PROT_READ|PROT_EXEC, MAP_PRIVATE|MAP_DENYWRITE, 3, 0) = 0x7fce8bec5000
19604 mprotect(0x7fce8becc000, 2093056, PROT_NONE) = 0
19604 mmap(0x7fce8c0cb000, 8192, PROT_READ|PROT_WRITE, MAP_PRIVATE|MAP_FIXED|MAP_DENYWRITE, 3, 0x6000) = 0x7fce8c0cb000
19604 close(3)                          = 0
19604 access("/etc/ld.so.nohwcap", F_OK) = 0
19604 open("/lib/libdl.so.2", O_RDONLY) = 3
19604 read(3, "\177ELF\2\1\1\0\0\0\0\0\0\0\0\0\3\0>\0\1\0\0\0\340\r\0\0\0\0\0\0"..., 832) = 832
19604 fstat(3, {st_dev=makedev(202, 1), st_ino=99144, st_mode=S_IFREG|0644, st_nlink=1, st_uid=0, st_gid=0, st_blksize=4096, st_blocks=32, st_size=14696, st_atime=2011/02/03-18:09:40, st_mtime=2010/04/22-15:48:12, st_ctime=2011/02/03-18:09:45}) = 0
19604 mmap(NULL, 2109696, PROT_READ|PROT_EXEC, MAP_PRIVATE|MAP_DENYWRITE, 3, 0) = 0x7fce8bcc1000
19604 mprotect(0x7fce8bcc3000, 2097152, PROT_NONE) = 0
19604 mmap(0x7fce8bec3000, 8192, PROT_READ|PROT_WRITE, MAP_PRIVATE|MAP_FIXED|MAP_DENYWRITE, 3, 0x2000) = 0x7fce8bec3000
19604 close(3)                          = 0
19604 access("/etc/ld.so.nohwcap", F_OK) = 0
19604 open("/lib/libcrypt.so.1", O_RDONLY) = 3
19604 read(3, "\177ELF\2\1\1\0\0\0\0\0\0\0\0\0\3\0>\0\1\0\0\0P\n\0\0\0\0\0\0"..., 832) = 832
19604 fstat(3, {st_dev=makedev(202, 1), st_ino=98873, st_mode=S_IFREG|0644, st_nlink=1, st_uid=0, st_gid=0, st_blksize=4096, st_blocks=88, st_size=43296, st_atime=2011/02/03-18:09:40, st_mtime=2010/04/22-15:48:12, st_ctime=2011/02/03-18:09:45}) = 0
19604 mmap(NULL, 2326976, PROT_READ|PROT_EXEC, MAP_PRIVATE|MAP_DENYWRITE, 3, 0) = 0x7fce8ba88000
19604 mprotect(0x7fce8ba91000, 2097152, PROT_NONE) = 0
19604 mmap(0x7fce8bc91000, 8192, PROT_READ|PROT_WRITE, MAP_PRIVATE|MAP_FIXED|MAP_DENYWRITE, 3, 0x9000) = 0x7fce8bc91000
19604 mmap(0x7fce8bc93000, 184768, PROT_READ|PROT_WRITE, MAP_PRIVATE|MAP_FIXED|MAP_ANONYMOUS, -1, 0) = 0x7fce8bc93000
19604 close(3)                          = 0
19604 access("/etc/ld.so.nohwcap", F_OK) = 0
19604 open("/lib/libm.so.6", O_RDONLY)  = 3
19604 read(3, "\177ELF\2\1\1\0\0\0\0\0\0\0\0\0\3\0>\0\1\0\0\0\360>\0\0\0\0\0\0"..., 832) = 832
19604 fstat(3, {st_dev=makedev(202, 1), st_ino=98740, st_mode=S_IFREG|0644, st_nlink=1, st_uid=0, st_gid=0, st_blksize=4096, st_blocks=1056, st_size=534832, st_atime=2011/02/03-18:09:40, st_mtime=2010/04/22-15:48:12, st_ctime=2011/02/03-18:09:45}) = 0
19604 mmap(NULL, 4096, PROT_READ|PROT_WRITE, MAP_PRIVATE|MAP_ANONYMOUS, -1, 0) = 0x7fce8c805000
19604 mmap(NULL, 2629864, PROT_READ|PROT_EXEC, MAP_PRIVATE|MAP_DENYWRITE, 3, 0) = 0x7fce8b805000
19604 mprotect(0x7fce8b887000, 2093056, PROT_NONE) = 0
19604 mmap(0x7fce8ba86000, 8192, PROT_READ|PROT_WRITE, MAP_PRIVATE|MAP_FIXED|MAP_DENYWRITE, 3, 0x81000) = 0x7fce8ba86000
19604 close(3)                          = 0
19604 access("/etc/ld.so.nohwcap", F_OK) = 0
19604 open("/lib/libc.so.6", O_RDONLY)  = 3
19604 read(3, "\177ELF\2\1\1\0\0\0\0\0\0\0\0\0\3\0>\0\1\0\0\0`\355\1\0\0\0\0\0"..., 832) = 832
19604 fstat(3, {st_dev=makedev(202, 1), st_ino=99115, st_mode=S_IFREG|0755, st_nlink=1, st_uid=0, st_gid=0, st_blksize=4096, st_blocks=3072, st_size=1568136, st_atime=2011/02/03-18:09:40, st_mtime=2010/04/22-15:48:12, st_ctime=2011/02/03-18:09:45}) = 0
19604 mmap(NULL, 3676200, PROT_READ|PROT_EXEC, MAP_PRIVATE|MAP_DENYWRITE, 3, 0) = 0x7fce8b483000
19604 mprotect(0x7fce8b5fb000, 2097152, PROT_NONE) = 0
19604 mmap(0x7fce8b7fb000, 20480, PROT_READ|PROT_WRITE, MAP_PRIVATE|MAP_FIXED|MAP_DENYWRITE, 3, 0x178000) = 0x7fce8b7fb000
19604 mmap(0x7fce8b800000, 18472, PROT_READ|PROT_WRITE, MAP_PRIVATE|MAP_FIXED|MAP_ANONYMOUS, -1, 0) = 0x7fce8b800000
19604 close(3)                          = 0
19604 mmap(NULL, 4096, PROT_READ|PROT_WRITE, MAP_PRIVATE|MAP_ANONYMOUS, -1, 0) = 0x7fce8c804000
19604 mmap(NULL, 4096, PROT_READ|PROT_WRITE, MAP_PRIVATE|MAP_ANONYMOUS, -1, 0) = 0x7fce8c803000
19604 mmap(NULL, 4096, PROT_READ|PROT_WRITE, MAP_PRIVATE|MAP_ANONYMOUS, -1, 0) = 0x7fce8c802000
19604 arch_prctl(ARCH_SET_FS, 0x7fce8c803700) = 0
19604 mprotect(0x7fce8b7fb000, 16384, PROT_READ) = 0
19604 mprotect(0x7fce8ba86000, 4096, PROT_READ) = 0
19604 mprotect(0x7fce8bc91000, 4096, PROT_READ) = 0
19604 mprotect(0x7fce8bec3000, 4096, PROT_READ) = 0
19604 mprotect(0x7fce8c0cb000, 4096, PROT_READ) = 0
19604 mprotect(0x7fce8c2e4000, 4096, PROT_READ) = 0
19604 mprotect(0x7fce8c5cb000, 8192, PROT_READ) = 0
19604 mprotect(0x600000, 4096, PROT_READ) = 0
19604 mprotect(0x7fce8c80d000, 4096, PROT_READ) = 0
19604 munmap(0x7fce8c807000, 16299)     = 0
19604 set_tid_address(0x7fce8c8039d0)   = 19604
19604 set_robust_list(0x7fce8c8039e0, 0x18) = 0
19604 futex(0x7fff4875063c, FUTEX_WAKE_PRIVATE, 1) = 0
19604 futex(0x7fff4875063c, FUTEX_WAIT_BITSET_PRIVATE|FUTEX_CLOCK_REALTIME, 1, NULL, 7fce8c803700) = -1 EAGAIN (Resource temporarily unavailable)
19604 rt_sigaction(SIGRTMIN, {0x7fce8c0d2870, [], SA_RESTORER|SA_SIGINFO, 0x7fce8c0dc8f0}, NULL, 8) = 0
19604 rt_sigaction(SIGRT_1, {0x7fce8c0d2900, [], SA_RESTORER|SA_RESTART|SA_SIGINFO, 0x7fce8c0dc8f0}, NULL, 8) = 0
19604 rt_sigprocmask(SIG_UNBLOCK, [RTMIN RT_1], NULL, 8) = 0
19604 getrlimit(RLIMIT_STACK, {rlim_cur=8192*1024, rlim_max=RLIM_INFINITY}) = 0
19604 getrlimit(RLIMIT_STACK, {rlim_cur=8192*1024, rlim_max=RLIM_INFINITY}) = 0
19604 brk(0)                            = 0x1e8a000
19604 brk(0x1eab000)                    = 0x1eab000
19604 mmap(NULL, 401408, PROT_READ|PROT_WRITE, MAP_PRIVATE|MAP_ANONYMOUS, -1, 0) = 0x7fce8c7a0000
19604 rt_sigprocmask(SIG_BLOCK, NULL, [], 8) = 0
19604 brk(0x1ecc000)                    = 0x1ecc000
19604 brk(0x1eed000)                    = 0x1eed000
19604 open("/dev/urandom", O_RDONLY|O_NOCTTY|O_NONBLOCK|O_NOFOLLOW) = 3
19604 fstat(3, {st_dev=makedev(0, 11), st_ino=1279, st_mode=S_IFCHR|0666, st_nlink=1, st_uid=0, st_gid=0, st_blksize=4096, st_blocks=0, st_rdev=makedev(1, 9), st_atime=2011/06/21-20:14:12, st_mtime=2011/06/21-20:14:12, st_ctime=2011/06/21-20:14:12}) = 0
19604 read(3, "\2575\243\227\22\v\306\201Bc\2124\234(pV\263k\374\242A\254~U\315T\237#'#k\364", 32) = 32
19604 close(3)                          = 0
19604 gettimeofday({1320597661, 325530}, NULL) = 0
19604 rt_sigaction(SIGINT, {0x7fce8c382d10, [], SA_RESTORER, 0x7fce8c0dc8f0}, {SIG_DFL, [], 0}, 8) = 0
19604 rt_sigaction(SIGHUP, {0x7fce8c382d10, [], SA_RESTORER, 0x7fce8c0dc8f0}, {SIG_DFL, [], 0}, 8) = 0
19604 rt_sigaction(SIGQUIT, {0x7fce8c382d10, [], SA_RESTORER, 0x7fce8c0dc8f0}, {SIG_DFL, [], 0}, 8) = 0
19604 rt_sigaction(SIGTERM, {0x7fce8c382d10, [], SA_RESTORER, 0x7fce8c0dc8f0}, {SIG_DFL, [], 0}, 8) = 0
19604 rt_sigaction(SIGALRM, {0x7fce8c382d10, [], SA_RESTORER, 0x7fce8c0dc8f0}, {SIG_DFL, [], 0}, 8) = 0
19604 rt_sigaction(SIGUSR1, {0x7fce8c382d10, [], SA_RESTORER, 0x7fce8c0dc8f0}, {SIG_DFL, [], 0}, 8) = 0
19604 rt_sigaction(SIGUSR2, {0x7fce8c382d10, [], SA_RESTORER, 0x7fce8c0dc8f0}, {SIG_DFL, [], 0}, 8) = 0
19604 rt_sigaction(SIGBUS, {0x7fce8c382c50, [], SA_RESTORER, 0x7fce8c0dc8f0}, {SIG_DFL, [], 0}, 8) = 0
19604 rt_sigaction(SIGSEGV, {0x7fce8c382c10, [], SA_RESTORER, 0x7fce8c0dc8f0}, {SIG_DFL, [], 0}, 8) = 0
19604 rt_sigaction(SIGPIPE, {0x7fce8c3829c0, [], SA_RESTORER, 0x7fce8c0dc8f0}, {SIG_DFL, [], 0}, 8) = 0
19604 rt_sigprocmask(SIG_BLOCK, ~[RTMIN RT_1], [], 8) = 0
19604 rt_sigaction(SIGCHLD, {SIG_DFL, [], SA_RESTORER, 0x7fce8c0dc8f0}, {SIG_DFL, [], 0}, 8) = 0
19604 rt_sigprocmask(SIG_SETMASK, [], NULL, 8) = 0
19604 geteuid()                         = 1000
19604 getegid()                         = 1000
19604 getuid()                          = 1000
19604 geteuid()                         = 1000
19604 getgid()                          = 1000
19604 getegid()                         = 1000
19604 rt_sigprocmask(SIG_BLOCK, NULL, [], 8) = 0
19604 open("/var/www/apps/akrotoski/bin/thoth", O_RDONLY) = 3
19604 close(3)                          = 0
19604 open("/var/www/apps/akrotoski/bin/thoth", O_RDONLY) = 3
19604 fstat(3, {st_dev=makedev(202, 1), st_ino=264397, st_mode=S_IFREG|0755, st_nlink=1, st_uid=1000, st_gid=1000, st_blksize=4096, st_blocks=16, st_size=7298, st_atime=2011/11/06-16:31:50, st_mtime=2011/11/06-16:31:50, st_ctime=2011/11/06-16:31:50}) = 0
19604 mmap(NULL, 4096, PROT_READ|PROT_WRITE, MAP_PRIVATE|MAP_ANONYMOUS, -1, 0) = 0x7fce8c80a000
19604 read(3, "#!/usr/bin/env ruby\n#--\n# Copyri"..., 4096) = 4096
19604 brk(0x1f0e000)                    = 0x1f0e000
19604 read(3, "name|\n        trait[:sql_log] = "..., 4096) = 3202
19604 read(3, "", 4096)                 = 0
19604 close(3)                          = 0
19604 munmap(0x7fce8c80a000, 4096)      = 0
19604 rt_sigprocmask(SIG_BLOCK, NULL, [], 8) = 0
19604 rt_sigprocmask(SIG_BLOCK, NULL, [], 8) = 0
19604 stat("/usr/local/lib/site_ruby/1.8/optparse.rb", 0x7fff4874ecb0) = -1 ENOENT (No such file or directory)
19604 stat("/usr/local/lib/site_ruby/1.8/optparse.so", 0x7fff4874ecb0) = -1 ENOENT (No such file or directory)
19604 stat("/usr/local/lib/site_ruby/1.8/x86_64-linux/optparse.rb", 0x7fff4874ecb0) = -1 ENOENT (No such file or directory)
19604 stat("/usr/local/lib/site_ruby/1.8/x86_64-linux/optparse.so", 0x7fff4874ecb0) = -1 ENOENT (No such file or directory)
19604 stat("/usr/local/lib/site_ruby/optparse.rb", 0x7fff4874ecb0) = -1 ENOENT (No such file or directory)
19604 stat("/usr/local/lib/site_ruby/optparse.so", 0x7fff4874ecb0) = -1 ENOENT (No such file or directory)
19604 stat("/usr/lib/ruby/vendor_ruby/1.8/optparse.rb", 0x7fff4874ecb0) = -1 ENOENT (No such file or directory)
19604 stat("/usr/lib/ruby/vendor_ruby/1.8/optparse.so", 0x7fff4874ecb0) = -1 ENOENT (No such file or directory)
19604 stat("/usr/lib/ruby/vendor_ruby/1.8/x86_64-linux/optparse.rb", 0x7fff4874ecb0) = -1 ENOENT (No such file or directory)
19604 stat("/usr/lib/ruby/vendor_ruby/1.8/x86_64-linux/optparse.so", 0x7fff4874ecb0) = -1 ENOENT (No such file or directory)
19604 stat("/usr/lib/ruby/vendor_ruby/optparse.rb", 0x7fff4874ecb0) = -1 ENOENT (No such file or directory)
19604 stat("/usr/lib/ruby/vendor_ruby/optparse.so", 0x7fff4874ecb0) = -1 ENOENT (No such file or directory)
19604 stat("/usr/lib/ruby/1.8/optparse.rb", {st_dev=makedev(202, 1), st_ino=312632, st_mode=S_IFREG|0644, st_nlink=1, st_uid=0, st_gid=0, st_blksize=4096, st_blocks=96, st_size=48252, st_atime=2011/05/26-20:41:06, st_mtime=2009/02/20-11:43:35, st_ctime=2011/05/26-20:41:10}) = 0
19604 open("/usr/lib/ruby/1.8/optparse.rb", O_RDONLY) = 3
19604 fstat(3, {st_dev=makedev(202, 1), st_ino=312632, st_mode=S_IFREG|0644, st_nlink=1, st_uid=0, st_gid=0, st_blksize=4096, st_blocks=96, st_size=48252, st_atime=2011/05/26-20:41:06, st_mtime=2009/02/20-11:43:35, st_ctime=2011/05/26-20:41:10}) = 0
19604 close(3)                          = 0
19604 stat("/usr/local/lib/site_ruby/1.8/optparse.rb", 0x7fff4874ecc0) = -1 ENOENT (No such file or directory)
19604 stat("/usr/local/lib/site_ruby/1.8/x86_64-linux/optparse.rb", 0x7fff4874ecc0) = -1 ENOENT (No such file or directory)
19604 stat("/usr/local/lib/site_ruby/optparse.rb", 0x7fff4874ecc0) = -1 ENOENT (No such file or directory)
19604 stat("/usr/lib/ruby/vendor_ruby/1.8/optparse.rb", 0x7fff4874ecc0) = -1 ENOENT (No such file or directory)
19604 stat("/usr/lib/ruby/vendor_ruby/1.8/x86_64-linux/optparse.rb", 0x7fff4874ecc0) = -1 ENOENT (No such file or directory)
19604 stat("/usr/lib/ruby/vendor_ruby/optparse.rb", 0x7fff4874ecc0) = -1 ENOENT (No such file or directory)
19604 stat("/usr/lib/ruby/1.8/optparse.rb", {st_dev=makedev(202, 1), st_ino=312632, st_mode=S_IFREG|0644, st_nlink=1, st_uid=0, st_gid=0, st_blksize=4096, st_blocks=96, st_size=48252, st_atime=2011/05/26-20:41:06, st_mtime=2009/02/20-11:43:35, st_ctime=2011/05/26-20:41:10}) = 0
19604 open("/usr/lib/ruby/1.8/optparse.rb", O_RDONLY) = 3
19604 fstat(3, {st_dev=makedev(202, 1), st_ino=312632, st_mode=S_IFREG|0644, st_nlink=1, st_uid=0, st_gid=0, st_blksize=4096, st_blocks=96, st_size=48252, st_atime=2011/05/26-20:41:06, st_mtime=2009/02/20-11:43:35, st_ctime=2011/05/26-20:41:10}) = 0
19604 close(3)                          = 0
19604 open("/usr/lib/ruby/1.8/optparse.rb", O_RDONLY) = 3
19604 fstat(3, {st_dev=makedev(202, 1), st_ino=312632, st_mode=S_IFREG|0644, st_nlink=1, st_uid=0, st_gid=0, st_blksize=4096, st_blocks=96, st_size=48252, st_atime=2011/05/26-20:41:06, st_mtime=2009/02/20-11:43:35, st_ctime=2011/05/26-20:41:10}) = 0
19604 close(3)                          = 0
19604 rt_sigprocmask(SIG_BLOCK, NULL, [], 8) = 0
19604 open("/usr/lib/ruby/1.8/optparse.rb", O_RDONLY) = 3
19604 close(3)                          = 0
19604 open("/usr/lib/ruby/1.8/optparse.rb", O_RDONLY) = 3
19604 fstat(3, {st_dev=makedev(202, 1), st_ino=312632, st_mode=S_IFREG|0644, st_nlink=1, st_uid=0, st_gid=0, st_blksize=4096, st_blocks=96, st_size=48252, st_atime=2011/05/26-20:41:06, st_mtime=2009/02/20-11:43:35, st_ctime=2011/05/26-20:41:10}) = 0
19604 mmap(NULL, 4096, PROT_READ|PROT_WRITE, MAP_PRIVATE|MAP_ANONYMOUS, -1, 0) = 0x7fce8c80a000
19604 read(3, "#\n# optparse.rb - command-line o"..., 4096) = 4096
19604 read(3, ".extension = ext || ''\n#        "..., 4096) = 4096
19604 read(3, "xt if sw == v\n          if Strin"..., 4096) = 4096
19604 read(3, " arg\n      mlen = left.collect {"..., 4096) = 4096
19604 read(3, "if nsw and nlopts\n      used = @"..., 4096) = 4096
19604 brk(0x1f2f000)                    = 0x1f2f000
19604 read(3, "h::NoArgument.new {}\n  DefaultLi"..., 4096) = 4096
19604 read(3, " alias set_banner banner=\n  alia"..., 4096) = 4096
19604 read(3, "ameter, this separate parameter "..., 4096) = 4096
19604 read(3, "\n                               "..., 4096) = 4096
19604 mmap(NULL, 720896, PROT_READ|PROT_WRITE, MAP_PRIVATE|MAP_ANONYMOUS, -1, 0) = 0x7fce8c6f0000
19604 read(3, "sw.pattern}\n\n    argv\n  end\n  pr"..., 4096) = 4096
19604 read(3, "no conversion.\n  #\n  accept(Stri"..., 4096) = 4096
19604 read(3, "given argument does not match re"..., 4096) = 3196
19604 read(3, "", 4096)                 = 0
19604 close(3)                          = 0
19604 munmap(0x7fce8c80a000, 4096)      = 0
19604 rt_sigprocmask(SIG_BLOCK, NULL, [], 8) = 0
19604 rt_sigprocmask(SIG_BLOCK, NULL, [], 8) = 0
19604 rt_sigprocmask(SIG_BLOCK, NULL, [], 8) = 0
19604 rt_sigprocmask(SIG_BLOCK, NULL, [], 8) = 0
19604 rt_sigprocmask(SIG_BLOCK, NULL, [], 8) = 0
19604 rt_sigprocmask(SIG_BLOCK, NULL, [], 8) = 0
19604 rt_sigprocmask(SIG_BLOCK, NULL, [], 8) = 0
19604 rt_sigprocmask(SIG_BLOCK, NULL, [], 8) = 0
19604 rt_sigprocmask(SIG_BLOCK, NULL, [], 8) = 0
19604 rt_sigprocmask(SIG_BLOCK, NULL, [], 8) = 0
19604 rt_sigprocmask(SIG_BLOCK, NULL, [], 8) = 0
19604 rt_sigprocmask(SIG_BLOCK, NULL, [], 8) = 0
19604 rt_sigprocmask(SIG_BLOCK, NULL, [], 8) = 0
19604 rt_sigprocmask(SIG_BLOCK, NULL, [], 8) = 0
19604 rt_sigprocmask(SIG_BLOCK, NULL, [], 8) = 0
19604 rt_sigprocmask(SIG_BLOCK, NULL, [], 8) = 0
19604 rt_sigprocmask(SIG_BLOCK, NULL, [], 8) = 0
19604 rt_sigprocmask(SIG_BLOCK, NULL, [], 8) = 0
19604 rt_sigprocmask(SIG_BLOCK, NULL, [], 8) = 0
19604 rt_sigprocmask(SIG_BLOCK, NULL, [], 8) = 0
19604 rt_sigprocmask(SIG_BLOCK, NULL, [], 8) = 0
19604 rt_sigprocmask(SIG_BLOCK, NULL, [], 8) = 0
19604 rt_sigprocmask(SIG_BLOCK, NULL, [], 8) = 0
19604 rt_sigprocmask(SIG_BLOCK, NULL, [], 8) = 0
19604 rt_sigprocmask(SIG_BLOCK, NULL, [], 8) = 0
19604 rt_sigprocmask(SIG_BLOCK, NULL, [], 8) = 0
19604 rt_sigprocmask(SIG_BLOCK, NULL, [], 8) = 0
19604 rt_sigprocmask(SIG_BLOCK, NULL, [], 8) = 0
19604 open("/etc/localtime", O_RDONLY)  = 3
19604 fstat(3, {st_dev=makedev(202, 1), st_ino=16815, st_mode=S_IFREG|0644, st_nlink=1, st_uid=0, st_gid=0, st_blksize=4096, st_blocks=8, st_size=118, st_atime=2011/02/03-18:09:40, st_mtime=2010/04/22-19:09:54, st_ctime=2011/02/03-18:09:41}) = 0
19604 fstat(3, {st_dev=makedev(202, 1), st_ino=16815, st_mode=S_IFREG|0644, st_nlink=1, st_uid=0, st_gid=0, st_blksize=4096, st_blocks=8, st_size=118, st_atime=2011/02/03-18:09:40, st_mtime=2010/04/22-19:09:54, st_ctime=2011/02/03-18:09:41}) = 0
19604 mmap(NULL, 4096, PROT_READ|PROT_WRITE, MAP_PRIVATE|MAP_ANONYMOUS, -1, 0) = 0x7fce8c80a000
19604 read(3, "TZif2\0\0\0\0\0\0\0\0\0\0\0\0\0\0\0\0\0\0\1\0\0\0\1\0\0\0\0"..., 4096) = 118
19604 lseek(3, -62, SEEK_CUR)           = 56
19604 read(3, "TZif2\0\0\0\0\0\0\0\0\0\0\0\0\0\0\0\0\0\0\1\0\0\0\1\0\0\0\0"..., 4096) = 62
19604 close(3)                          = 0
19604 munmap(0x7fce8c80a000, 4096)      = 0
19604 rt_sigprocmask(SIG_BLOCK, NULL, [], 8) = 0
19604 rt_sigprocmask(SIG_BLOCK, NULL, [], 8) = 0
19604 rt_sigprocmask(SIG_BLOCK, NULL, [], 8) = 0
19604 rt_sigprocmask(SIG_BLOCK, NULL, [], 8) = 0
19604 rt_sigprocmask(SIG_BLOCK, NULL, [], 8) = 0
19604 rt_sigprocmask(SIG_BLOCK, NULL, [], 8) = 0
19604 rt_sigprocmask(SIG_BLOCK, NULL, [], 8) = 0
19604 rt_sigprocmask(SIG_BLOCK, NULL, [], 8) = 0
19604 rt_sigprocmask(SIG_BLOCK, NULL, [], 8) = 0
19604 rt_sigprocmask(SIG_BLOCK, NULL, [], 8) = 0
19604 rt_sigprocmask(SIG_BLOCK, NULL, [], 8) = 0
19604 rt_sigprocmask(SIG_BLOCK, NULL, [], 8) = 0
19604 rt_sigprocmask(SIG_BLOCK, NULL, [], 8) = 0
19604 rt_sigprocmask(SIG_BLOCK, NULL, [], 8) = 0
19604 rt_sigprocmask(SIG_BLOCK, NULL, [], 8) = 0
19604 rt_sigprocmask(SIG_BLOCK, NULL, [], 8) = 0
19604 rt_sigprocmask(SIG_BLOCK, NULL, [], 8) = 0
19604 rt_sigprocmask(SIG_BLOCK, NULL, [], 8) = 0
19604 rt_sigprocmask(SIG_BLOCK, NULL, [], 8) = 0
19604 rt_sigprocmask(SIG_BLOCK, NULL, [], 8) = 0
19604 rt_sigprocmask(SIG_BLOCK, NULL, [], 8) = 0
19604 rt_sigprocmask(SIG_BLOCK, NULL, [], 8) = 0
19604 rt_sigprocmask(SIG_BLOCK, NULL, [], 8) = 0
19604 rt_sigprocmask(SIG_BLOCK, NULL, [], 8) = 0
19604 rt_sigprocmask(SIG_BLOCK, NULL, [], 8) = 0
19604 rt_sigprocmask(SIG_BLOCK, NULL, [], 8) = 0
19604 rt_sigprocmask(SIG_BLOCK, NULL, [], 8) = 0
19604 rt_sigprocmask(SIG_BLOCK, NULL, [], 8) = 0
19604 rt_sigprocmask(SIG_BLOCK, NULL, [], 8) = 0
19604 rt_sigprocmask(SIG_BLOCK, NULL, [], 8) = 0
19604 rt_sigprocmask(SIG_BLOCK, NULL, [], 8) = 0
19604 rt_sigprocmask(SIG_BLOCK, NULL, [], 8) = 0
19604 rt_sigprocmask(SIG_BLOCK, NULL, [], 8) = 0
19604 rt_sigprocmask(SIG_BLOCK, NULL, [], 8) = 0
19604 rt_sigprocmask(SIG_BLOCK, NULL, [], 8) = 0
19604 rt_sigprocmask(SIG_BLOCK, NULL, [], 8) = 0
19604 rt_sigprocmask(SIG_BLOCK, NULL, [], 8) = 0
19604 rt_sigprocmask(SIG_BLOCK, NULL, [], 8) = 0
19604 rt_sigprocmask(SIG_BLOCK, NULL, [], 8) = 0
19604 rt_sigprocmask(SIG_BLOCK, NULL, [], 8) = 0
19604 rt_sigprocmask(SIG_BLOCK, NULL, [], 8) = 0
19604 rt_sigprocmask(SIG_BLOCK, NULL, [], 8) = 0
19604 rt_sigprocmask(SIG_BLOCK, NULL, [], 8) = 0
19604 rt_sigprocmask(SIG_BLOCK, NULL, [], 8) = 0
19604 rt_sigprocmask(SIG_BLOCK, NULL, [], 8) = 0
19604 rt_sigprocmask(SIG_BLOCK, NULL, [], 8) = 0
19604 rt_sigprocmask(SIG_BLOCK, NULL, [], 8) = 0
19604 rt_sigprocmask(SIG_BLOCK, NULL, [], 8) = 0
19604 rt_sigprocmask(SIG_BLOCK, NULL, [], 8) = 0
19604 rt_sigprocmask(SIG_BLOCK, NULL, [], 8) = 0
19604 rt_sigprocmask(SIG_BLOCK, NULL, [], 8) = 0
19604 rt_sigprocmask(SIG_BLOCK, NULL, [], 8) = 0
19604 rt_sigprocmask(SIG_BLOCK, NULL, [], 8) = 0
19604 rt_sigprocmask(SIG_BLOCK, NULL, [], 8) = 0
19604 rt_sigprocmask(SIG_BLOCK, NULL, [], 8) = 0
19604 rt_sigprocmask(SIG_BLOCK, NULL, [], 8) = 0
19604 rt_sigprocmask(SIG_BLOCK, NULL, [], 8) = 0
19604 rt_sigprocmask(SIG_BLOCK, NULL, [], 8) = 0
19604 rt_sigprocmask(SIG_BLOCK, NULL, [], 8) = 0
19604 rt_sigprocmask(SIG_BLOCK, NULL, [], 8) = 0
19604 rt_sigprocmask(SIG_BLOCK, NULL, [], 8) = 0
19604 rt_sigprocmask(SIG_BLOCK, NULL, [], 8) = 0
19604 rt_sigprocmask(SIG_BLOCK, NULL, [], 8) = 0
19604 rt_sigprocmask(SIG_BLOCK, NULL, [], 8) = 0
19604 rt_sigprocmask(SIG_BLOCK, NULL, [], 8) = 0
19604 rt_sigprocmask(SIG_BLOCK, NULL, [], 8) = 0
19604 rt_sigprocmask(SIG_BLOCK, NULL, [], 8) = 0
19604 rt_sigprocmask(SIG_BLOCK, NULL, [], 8) = 0
19604 rt_sigprocmask(SIG_BLOCK, NULL, [], 8) = 0
19604 rt_sigprocmask(SIG_BLOCK, NULL, [], 8) = 0
19604 rt_sigprocmask(SIG_BLOCK, NULL, [], 8) = 0
19604 rt_sigprocmask(SIG_BLOCK, NULL, [], 8) = 0
19604 rt_sigprocmask(SIG_BLOCK, NULL, [], 8) = 0
19604 rt_sigprocmask(SIG_BLOCK, NULL, [], 8) = 0
19604 rt_sigprocmask(SIG_BLOCK, NULL, [], 8) = 0
19604 rt_sigprocmask(SIG_BLOCK, NULL, [], 8) = 0
19604 rt_sigprocmask(SIG_BLOCK, NULL, [], 8) = 0
19604 rt_sigprocmask(SIG_BLOCK, NULL, [], 8) = 0
19604 rt_sigprocmask(SIG_BLOCK, NULL, [], 8) = 0
19604 rt_sigprocmask(SIG_BLOCK, NULL, [], 8) = 0
19604 rt_sigprocmask(SIG_BLOCK, NULL, [], 8) = 0
19604 rt_sigprocmask(SIG_BLOCK, NULL, [], 8) = 0
19604 rt_sigprocmask(SIG_BLOCK, NULL, [], 8) = 0
19604 rt_sigprocmask(SIG_BLOCK, NULL, [], 8) = 0
19604 rt_sigprocmask(SIG_BLOCK, NULL, [], 8) = 0
19604 rt_sigprocmask(SIG_BLOCK, NULL, [], 8) = 0
19604 rt_sigprocmask(SIG_BLOCK, NULL, [], 8) = 0
19604 rt_sigprocmask(SIG_BLOCK, NULL, [], 8) = 0
19604 rt_sigprocmask(SIG_BLOCK, NULL, [], 8) = 0
19604 rt_sigprocmask(SIG_BLOCK, NULL, [], 8) = 0
19604 rt_sigprocmask(SIG_BLOCK, NULL, [], 8) = 0
19604 rt_sigprocmask(SIG_BLOCK, NULL, [], 8) = 0
19604 rt_sigprocmask(SIG_BLOCK, NULL, [], 8) = 0
19604 rt_sigprocmask(SIG_BLOCK, NULL, [], 8) = 0
19604 rt_sigprocmask(SIG_BLOCK, NULL, [], 8) = 0
19604 rt_sigprocmask(SIG_BLOCK, NULL, [], 8) = 0
19604 rt_sigprocmask(SIG_BLOCK, NULL, [], 8) = 0
19604 rt_sigprocmask(SIG_BLOCK, NULL, [], 8) = 0
19604 rt_sigprocmask(SIG_BLOCK, NULL, [], 8) = 0
19604 rt_sigprocmask(SIG_BLOCK, NULL, [], 8) = 0
19604 rt_sigprocmask(SIG_BLOCK, NULL, [], 8) = 0
19604 rt_sigprocmask(SIG_BLOCK, NULL, [], 8) = 0
19604 rt_sigprocmask(SIG_BLOCK, NULL, [], 8) = 0
19604 rt_sigprocmask(SIG_BLOCK, NULL, [], 8) = 0
19604 rt_sigprocmask(SIG_BLOCK, NULL, [], 8) = 0
19604 rt_sigprocmask(SIG_BLOCK, NULL, [], 8) = 0
19604 rt_sigprocmask(SIG_BLOCK, NULL, [], 8) = 0
19604 rt_sigprocmask(SIG_BLOCK, NULL, [], 8) = 0
19604 rt_sigprocmask(SIG_BLOCK, NULL, [], 8) = 0
19604 rt_sigprocmask(SIG_BLOCK, NULL, [], 8) = 0
19604 rt_sigprocmask(SIG_BLOCK, NULL, [], 8) = 0
19604 stat("/usr/local/lib/site_ruby/1.8/rubygems.rb", 0x7fff4874ec90) = -1 ENOENT (No such file or directory)
19604 stat("/usr/local/lib/site_ruby/1.8/rubygems.so", 0x7fff4874ec90) = -1 ENOENT (No such file or directory)
19604 stat("/usr/local/lib/site_ruby/1.8/x86_64-linux/rubygems.rb", 0x7fff4874ec90) = -1 ENOENT (No such file or directory)
19604 stat("/usr/local/lib/site_ruby/1.8/x86_64-linux/rubygems.so", 0x7fff4874ec90) = -1 ENOENT (No such file or directory)
19604 stat("/usr/local/lib/site_ruby/rubygems.rb", 0x7fff4874ec90) = -1 ENOENT (No such file or directory)
19604 stat("/usr/local/lib/site_ruby/rubygems.so", 0x7fff4874ec90) = -1 ENOENT (No such file or directory)
19604 stat("/usr/lib/ruby/vendor_ruby/1.8/rubygems.rb", 0x7fff4874ec90) = -1 ENOENT (No such file or directory)
19604 stat("/usr/lib/ruby/vendor_ruby/1.8/rubygems.so", 0x7fff4874ec90) = -1 ENOENT (No such file or directory)
19604 stat("/usr/lib/ruby/vendor_ruby/1.8/x86_64-linux/rubygems.rb", 0x7fff4874ec90) = -1 ENOENT (No such file or directory)
19604 stat("/usr/lib/ruby/vendor_ruby/1.8/x86_64-linux/rubygems.so", 0x7fff4874ec90) = -1 ENOENT (No such file or directory)
19604 stat("/usr/lib/ruby/vendor_ruby/rubygems.rb", 0x7fff4874ec90) = -1 ENOENT (No such file or directory)
19604 stat("/usr/lib/ruby/vendor_ruby/rubygems.so", 0x7fff4874ec90) = -1 ENOENT (No such file or directory)
19604 stat("/usr/lib/ruby/1.8/rubygems.rb", 0x7fff4874ec90) = -1 ENOENT (No such file or directory)
19604 stat("/usr/lib/ruby/1.8/rubygems.so", 0x7fff4874ec90) = -1 ENOENT (No such file or directory)
19604 stat("/usr/lib/ruby/1.8/x86_64-linux/rubygems.rb", 0x7fff4874ec90) = -1 ENOENT (No such file or directory)
19604 stat("/usr/lib/ruby/1.8/x86_64-linux/rubygems.so", 0x7fff4874ec90) = -1 ENOENT (No such file or directory)
19604 stat("./rubygems.rb", 0x7fff4874ec90) = -1 ENOENT (No such file or directory)
19604 stat("./rubygems.so", 0x7fff4874ec90) = -1 ENOENT (No such file or directory)
19604 rt_sigprocmask(SIG_SETMASK, [], NULL, 8) = 0
19604 rt_sigprocmask(SIG_SETMASK, [], NULL, 8) = 0
19604 rt_sigprocmask(SIG_BLOCK, NULL, [], 8) = 0
19604 rt_sigprocmask(SIG_BLOCK, NULL, [], 8) = 0
19604 rt_sigprocmask(SIG_BLOCK, NULL, [], 8) = 0
19604 rt_sigprocmask(SIG_BLOCK, NULL, [], 8) = 0
19604 write(2, "/var/www/apps/akrotoski/bin/thot"..., 49) = 49
19604 rt_sigprocmask(SIG_BLOCK, NULL, [], 8) = 0
19604 rt_sigprocmask(SIG_BLOCK, NULL, [], 8) = 0
19604 write(2, ": ", 2)                 = 2
19604 write(2, "no such file to load -- rubygems", 32) = 32
19604 write(2, " (", 2)                 = 2
19604 write(2, "LoadError", 9)          = 9
19604 write(2, ")\n", 2)                = 2
19604 write(2, "\tfrom /var/www/apps/akrotoski/bi"..., 43) = 43
19604 rt_sigaction(SIGINT, {SIG_DFL, [INT], SA_RESTORER|SA_RESTART, 0x7fce8b4b6af0}, {0x7fce8c382d10, [], SA_RESTORER, 0x7fce8c0dc8f0}, 8) = 0
19604 exit_group(1)                     = ?
